# JRE version: OpenJDK Runtime Environment (17.0.10) (build 17.0.10+0--11572160)
# Java VM: OpenJDK 64-Bit Server VM (17.0.10+0--11572160, mixed mode, tiered, compressed oops, compressed class ptrs, g1 gc, windows-amd64)
GC Precious Log:
 CPUs: 16 total, 16 available
 Memory: 32104M
 Large Page Support: Disabled
 NUMA Support: Disabled
 Compressed Oops: Enabled (32-bit)
 Heap Region Size: 1M
 Heap Min Capacity: 8M
 Heap Initial Capacity: 502M
 Heap Max Capacity: 2G
 Pre-touch: Disabled
 Parallel Workers: 13
 Concurrent Workers: 3
 Concurrent Refinement Workers: 13
 Periodic GC: Disabled
Heap:
 garbage-first heap   total 215040K, used 137457K [0x0000000080000000, 0x0000000100000000)
  region size 1024K, 53 young (54272K), 7 survivors (7168K)
 Metaspace       used 96476K, committed 97280K, reserved 1179648K
  class space    used 12676K, committed 13056K, reserved 1048576K
GC Heap History (20 events):
Event: 4.677 GC heap before
{Heap before GC invocations=15 (full 0):
 garbage-first heap   total 291840K, used 46394K [0x0000000080000000, 0x0000000100000000)
  region size 1024K, 14 young (14336K), 2 survivors (2048K)
 Metaspace       used 50435K, committed 50944K, reserved 1114112K
  class space    used 6673K, committed 6912K, reserved 1048576K
}
Event: 4.678 GC heap after
{Heap after GC invocations=16 (full 0):
 garbage-first heap   total 291840K, used 34762K [0x0000000080000000, 0x0000000100000000)
  region size 1024K, 1 young (1024K), 1 survivors (1024K)
 Metaspace       used 50435K, committed 50944K, reserved 1114112K
  class space    used 6673K, committed 6912K, reserved 1048576K
}
Event: 6.398 GC heap before
{Heap before GC invocations=16 (full 0):
 garbage-first heap   total 291840K, used 219082K [0x0000000080000000, 0x0000000100000000)
  region size 1024K, 171 young (175104K), 1 survivors (1024K)
 Metaspace       used 64393K, committed 64896K, reserved 1114112K
  class space    used 8411K, committed 8640K, reserved 1048576K
}
Event: 6.404 GC heap after
{Heap after GC invocations=17 (full 0):
 garbage-first heap   total 291840K, used 50947K [0x0000000080000000, 0x0000000100000000)
  region size 1024K, 14 young (14336K), 14 survivors (14336K)
 Metaspace       used 64393K, committed 64896K, reserved 1114112K
  class space    used 8411K, committed 8640K, reserved 1048576K
}
Event: 8.092 GC heap before
{Heap before GC invocations=17 (full 0):
 garbage-first heap   total 291840K, used 204547K [0x0000000080000000, 0x0000000100000000)
  region size 1024K, 165 young (168960K), 14 survivors (14336K)
 Metaspace       used 77742K, committed 78336K, reserved 1179648K
  class space    used 10392K, committed 10688K, reserved 1048576K
}
Event: 8.099 GC heap after
{Heap after GC invocations=18 (full 0):
 garbage-first heap   total 291840K, used 61513K [0x0000000080000000, 0x0000000100000000)
  region size 1024K, 12 young (12288K), 12 survivors (12288K)
 Metaspace       used 77742K, committed 78336K, reserved 1179648K
  class space    used 10392K, committed 10688K, reserved 1048576K
}
Event: 9.431 GC heap before
{Heap before GC invocations=19 (full 0):
 garbage-first heap   total 215040K, used 178249K [0x0000000080000000, 0x0000000100000000)
  region size 1024K, 126 young (129024K), 12 survivors (12288K)
 Metaspace       used 88604K, committed 89280K, reserved 1179648K
  class space    used 11977K, committed 12288K, reserved 1048576K
}
Event: 9.440 GC heap after
{Heap after GC invocations=20 (full 0):
 garbage-first heap   total 215040K, used 73464K [0x0000000080000000, 0x0000000100000000)
  region size 1024K, 12 young (12288K), 12 survivors (12288K)
 Metaspace       used 88604K, committed 89280K, reserved 1179648K
  class space    used 11977K, committed 12288K, reserved 1048576K
}
Event: 9.446 GC heap before
{Heap before GC invocations=20 (full 0):
 garbage-first heap   total 215040K, used 74488K [0x0000000080000000, 0x0000000100000000)
  region size 1024K, 13 young (13312K), 12 survivors (12288K)
 Metaspace       used 88614K, committed 89280K, reserved 1179648K
  class space    used 11979K, committed 12288K, reserved 1048576K
}
Event: 9.452 GC heap after
{Heap after GC invocations=21 (full 0):
 garbage-first heap   total 215040K, used 74592K [0x0000000080000000, 0x0000000100000000)
  region size 1024K, 2 young (2048K), 2 survivors (2048K)
 Metaspace       used 88614K, committed 89280K, reserved 1179648K
  class space    used 11979K, committed 12288K, reserved 1048576K
}
Event: 9.994 GC heap before
{Heap before GC invocations=21 (full 0):
 garbage-first heap   total 215040K, used 164704K [0x0000000080000000, 0x0000000100000000)
  region size 1024K, 91 young (93184K), 2 survivors (2048K)
 Metaspace       used 89705K, committed 90304K, reserved 1179648K
  class space    used 12101K, committed 12416K, reserved 1048576K
}
Event: 9.998 GC heap after
{Heap after GC invocations=22 (full 0):
 garbage-first heap   total 215040K, used 79181K [0x0000000080000000, 0x0000000100000000)
  region size 1024K, 7 young (7168K), 7 survivors (7168K)
 Metaspace       used 89705K, committed 90304K, reserved 1179648K
  class space    used 12101K, committed 12416K, reserved 1048576K
}
Event: 10.411 GC heap before
{Heap before GC invocations=22 (full 0):
 garbage-first heap   total 215040K, used 168269K [0x0000000080000000, 0x0000000100000000)
  region size 1024K, 95 young (97280K), 7 survivors (7168K)
 Metaspace       used 90094K, committed 90752K, reserved 1179648K
  class space    used 12143K, committed 12480K, reserved 1048576K
}
Event: 10.416 GC heap after
{Heap after GC invocations=23 (full 0):
 garbage-first heap   total 215040K, used 85336K [0x0000000080000000, 0x0000000100000000)
  region size 1024K, 12 young (12288K), 12 survivors (12288K)
 Metaspace       used 90094K, committed 90752K, reserved 1179648K
  class space    used 12143K, committed 12480K, reserved 1048576K
}
Event: 58.567 GC heap before
{Heap before GC invocations=23 (full 0):
 garbage-first heap   total 215040K, used 171352K [0x0000000080000000, 0x0000000100000000)
  region size 1024K, 97 young (99328K), 12 survivors (12288K)
 Metaspace       used 94828K, committed 95488K, reserved 1179648K
  class space    used 12576K, committed 12864K, reserved 1048576K
}
Event: 58.572 GC heap after
{Heap after GC invocations=24 (full 0):
 garbage-first heap   total 215040K, used 89468K [0x0000000080000000, 0x0000000100000000)
  region size 1024K, 11 young (11264K), 11 survivors (11264K)
 Metaspace       used 94828K, committed 95488K, reserved 1179648K
  class space    used 12576K, committed 12864K, reserved 1048576K
}
Event: 106.246 GC heap before
{Heap before GC invocations=24 (full 0):
 garbage-first heap   total 215040K, used 174460K [0x0000000080000000, 0x0000000100000000)
  region size 1024K, 95 young (97280K), 11 survivors (11264K)
 Metaspace       used 95737K, committed 96448K, reserved 1179648K
  class space    used 12621K, committed 12928K, reserved 1048576K
}
Event: 106.250 GC heap after
{Heap after GC invocations=25 (full 0):
 garbage-first heap   total 215040K, used 90411K [0x0000000080000000, 0x0000000100000000)
  region size 1024K, 6 young (6144K), 6 survivors (6144K)
 Metaspace       used 95737K, committed 96448K, reserved 1179648K
  class space    used 12621K, committed 12928K, reserved 1048576K
}
Event: 161.598 GC heap before
{Heap before GC invocations=25 (full 0):
 garbage-first heap   total 215040K, used 177451K [0x0000000080000000, 0x0000000100000000)
  region size 1024K, 91 young (93184K), 6 survivors (6144K)
 Metaspace       used 96202K, committed 96960K, reserved 1179648K
  class space    used 12640K, committed 12992K, reserved 1048576K
}
Event: 161.600 GC heap after
{Heap after GC invocations=26 (full 0):
 garbage-first heap   total 215040K, used 91377K [0x0000000080000000, 0x0000000100000000)
  region size 1024K, 7 young (7168K), 7 survivors (7168K)
 Metaspace       used 96202K, committed 96960K, reserved 1179648K
  class space    used 12640K, committed 12992K, reserved 1048576K
}

